<?xml version="1.0" encoding="UTF-8"?>
<!-- Generated by org.testng.reporters.JUnitReportReporter -->
<testsuite hostname="SIPL2016-03" failures="0" tests="2" name="com.sipl.api.ApiTests" time="7.144" errors="0" timestamp="2024-11-19T15:48:08 IST" skipped="0">
  <testcase classname="com.sipl.api.ApiTests" name="testGetUser" time="0.513"/>
  <testcase classname="com.sipl.api.ApiTests" name="testCreateUser" time="6.631"/>
</testsuite> <!-- com.sipl.api.ApiTests -->
